{"/Users/harryshapiro/hrnyc/reviews/config.js": {"path":"/Users/harryshapiro/hrnyc/reviews/config.js","statementMap":{"0":{"start":{"line":1,"column":0},"end":{"line":6,"column":2}}},"fnMap":{},"branchMap":{},"s":{"0":5},"f":{},"b":{},"_coverageSchema":"43e27e138ebf9cfc5966b082cf9a028302ed4184","hash":"a66cc81e18a21b8ec4936c87002942d6b9bbe6f9"}
,"/Users/harryshapiro/hrnyc/reviews/constants.js": {"path":"/Users/harryshapiro/hrnyc/reviews/constants.js","statementMap":{"0":{"start":{"line":1,"column":0},"end":{"line":4,"column":2}}},"fnMap":{},"branchMap":{},"s":{"0":5},"f":{},"b":{},"_coverageSchema":"43e27e138ebf9cfc5966b082cf9a028302ed4184","hash":"d9baf2a985b3e02f0e049df19fdf009d63fb0ccd"}
,"/Users/harryshapiro/hrnyc/reviews/server/app.js": {"path":"/Users/harryshapiro/hrnyc/reviews/server/app.js","statementMap":{"0":{"start":{"line":1,"column":16},"end":{"line":1,"column":34}},"1":{"start":{"line":2,"column":19},"end":{"line":2,"column":41}},"2":{"start":{"line":3,"column":22},"end":{"line":3,"column":44}},"3":{"start":{"line":5,"column":12},"end":{"line":5,"column":21}},"4":{"start":{"line":7,"column":19},"end":{"line":7,"column":36}},"5":{"start":{"line":8,"column":0},"end":{"line":8,"column":20}},"6":{"start":{"line":10,"column":0},"end":{"line":10,"column":35}},"7":{"start":{"line":12,"column":0},"end":{"line":12,"column":21}}},"fnMap":{},"branchMap":{},"s":{"0":5,"1":5,"2":5,"3":5,"4":5,"5":5,"6":5,"7":5},"f":{},"b":{},"_coverageSchema":"43e27e138ebf9cfc5966b082cf9a028302ed4184","hash":"a805bf78314caf052220642d6d232812ad0e7f76"}
,"/Users/harryshapiro/hrnyc/reviews/server/dbConnection.js": {"path":"/Users/harryshapiro/hrnyc/reviews/server/dbConnection.js","statementMap":{"0":{"start":{"line":1,"column":18},"end":{"line":1,"column":38}},"1":{"start":{"line":2,"column":21},"end":{"line":2,"column":43}},"2":{"start":{"line":3,"column":55},"end":{"line":3,"column":75}},"3":{"start":{"line":5,"column":18},"end":{"line":9,"column":2}},"4":{"start":{"line":11,"column":15},"end":{"line":11,"column":65}},"5":{"start":{"line":13,"column":0},"end":{"line":13,"column":42}}},"fnMap":{},"branchMap":{},"s":{"0":5,"1":5,"2":5,"3":5,"4":5,"5":5},"f":{},"b":{},"_coverageSchema":"43e27e138ebf9cfc5966b082cf9a028302ed4184","hash":"53dc4dd334d13601ca2482dcabe9e66a46f2c8a8"}
,"/Users/harryshapiro/hrnyc/reviews/server/routes.js": {"path":"/Users/harryshapiro/hrnyc/reviews/server/routes.js","statementMap":{"0":{"start":{"line":1,"column":16},"end":{"line":1,"column":34}},"1":{"start":{"line":2,"column":15},"end":{"line":2,"column":31}},"2":{"start":{"line":3,"column":13},"end":{"line":3,"column":28}},"3":{"start":{"line":5,"column":19},"end":{"line":7,"column":1}},"4":{"start":{"line":6,"column":1},"end":{"line":6,"column":67}},"5":{"start":{"line":9,"column":0},"end":{"line":9,"column":61}},"6":{"start":{"line":11,"column":0},"end":{"line":11,"column":69}},"7":{"start":{"line":13,"column":0},"end":{"line":13,"column":60}},"8":{"start":{"line":15,"column":0},"end":{"line":15,"column":72}},"9":{"start":{"line":17,"column":0},"end":{"line":17,"column":64}},"10":{"start":{"line":19,"column":0},"end":{"line":19,"column":24}}},"fnMap":{"0":{"name":"(anonymous_0)","decl":{"start":{"line":5,"column":19},"end":{"line":5,"column":20}},"loc":{"start":{"line":5,"column":31},"end":{"line":7,"column":1}},"line":5}},"branchMap":{},"s":{"0":5,"1":5,"2":5,"3":5,"4":25,"5":5,"6":5,"7":5,"8":5,"9":5,"10":5},"f":{"0":25},"b":{},"_coverageSchema":"43e27e138ebf9cfc5966b082cf9a028302ed4184","hash":"d98d9cd7c872b5420849d8ed6dd07f77dfb7c75d"}
,"/Users/harryshapiro/hrnyc/reviews/server/schema.js": {"path":"/Users/harryshapiro/hrnyc/reviews/server/schema.js","statementMap":{"0":{"start":{"line":1,"column":18},"end":{"line":1,"column":38}},"1":{"start":{"line":3,"column":21},"end":{"line":197,"column":1}},"2":{"start":{"line":4,"column":15},"end":{"line":4,"column":30}},"3":{"start":{"line":7,"column":1},"end":{"line":54,"column":3}},"4":{"start":{"line":57,"column":1},"end":{"line":109,"column":3}},"5":{"start":{"line":112,"column":1},"end":{"line":132,"column":3}},"6":{"start":{"line":135,"column":1},"end":{"line":156,"column":3}},"7":{"start":{"line":159,"column":1},"end":{"line":180,"column":3}},"8":{"start":{"line":182,"column":1},"end":{"line":182,"column":51}},"9":{"start":{"line":183,"column":1},"end":{"line":183,"column":43}},"10":{"start":{"line":184,"column":1},"end":{"line":184,"column":37}},"11":{"start":{"line":185,"column":1},"end":{"line":185,"column":35}},"12":{"start":{"line":186,"column":1},"end":{"line":186,"column":29}},"13":{"start":{"line":188,"column":1},"end":{"line":188,"column":54}},"14":{"start":{"line":190,"column":1},"end":{"line":196,"column":3}},"15":{"start":{"line":199,"column":0},"end":{"line":199,"column":30}}},"fnMap":{"0":{"name":"(anonymous_0)","decl":{"start":{"line":3,"column":21},"end":{"line":3,"column":22}},"loc":{"start":{"line":3,"column":57},"end":{"line":197,"column":1}},"line":3}},"branchMap":{"0":{"loc":{"start":{"line":3,"column":33},"end":{"line":3,"column":52}},"type":"default-arg","locations":[{"start":{"line":3,"column":47},"end":{"line":3,"column":52}}],"line":3},"1":{"loc":{"start":{"line":188,"column":1},"end":{"line":188,"column":53}},"type":"cond-expr","locations":[{"start":{"line":188,"column":15},"end":{"line":188,"column":46}},{"start":{"line":188,"column":49},"end":{"line":188,"column":53}}],"line":188}},"s":{"0":5,"1":5,"2":5,"3":5,"4":5,"5":5,"6":5,"7":5,"8":5,"9":5,"10":5,"11":5,"12":5,"13":5,"14":5,"15":5},"f":{"0":5},"b":{"0":[0],"1":[0,5]},"_coverageSchema":"43e27e138ebf9cfc5966b082cf9a028302ed4184","hash":"8e1a5c394544f109442aca5c935ed6227ce10ec7"}
,"/Users/harryshapiro/hrnyc/reviews/server/controllers/getProductMetaData.js": {"path":"/Users/harryshapiro/hrnyc/reviews/server/controllers/getProductMetaData.js","statementMap":{"0":{"start":{"line":1,"column":18},"end":{"line":1,"column":38}},"1":{"start":{"line":2,"column":32},"end":{"line":2,"column":61}},"2":{"start":{"line":3,"column":16},"end":{"line":3,"column":35}},"3":{"start":{"line":4,"column":21},"end":{"line":4,"column":44}},"4":{"start":{"line":6,"column":0},"end":{"line":18,"column":2}},"5":{"start":{"line":7,"column":20},"end":{"line":7,"column":37}},"6":{"start":{"line":8,"column":37},"end":{"line":11,"column":3}},"7":{"start":{"line":12,"column":24},"end":{"line":16,"column":2}},"8":{"start":{"line":17,"column":1},"end":{"line":17,"column":38}},"9":{"start":{"line":23,"column":1},"end":{"line":23,"column":30}},"10":{"start":{"line":27,"column":1},"end":{"line":36,"column":4}},"11":{"start":{"line":32,"column":2},"end":{"line":35,"column":4}},"12":{"start":{"line":40,"column":1},"end":{"line":59,"column":5}},"13":{"start":{"line":55,"column":3},"end":{"line":58,"column":5}},"14":{"start":{"line":63,"column":24},"end":{"line":77,"column":2}},"15":{"start":{"line":78,"column":1},"end":{"line":94,"column":2}},"16":{"start":{"line":78,"column":14},"end":{"line":78,"column":15}},"17":{"start":{"line":80,"column":3},"end":{"line":80,"column":58}},"18":{"start":{"line":81,"column":2},"end":{"line":93,"column":3}},"19":{"start":{"line":82,"column":3},"end":{"line":83,"column":23}},"20":{"start":{"line":84,"column":3},"end":{"line":84,"column":69}},"21":{"start":{"line":86,"column":24},"end":{"line":86,"column":44}},"22":{"start":{"line":88,"column":4},"end":{"line":89,"column":30}},"23":{"start":{"line":90,"column":20},"end":{"line":90,"column":44}},"24":{"start":{"line":91,"column":3},"end":{"line":91,"column":76}},"25":{"start":{"line":92,"column":3},"end":{"line":92,"column":76}},"26":{"start":{"line":95,"column":1},"end":{"line":97,"column":2}},"27":{"start":{"line":96,"column":2},"end":{"line":96,"column":52}},"28":{"start":{"line":98,"column":1},"end":{"line":98,"column":23}}},"fnMap":{"0":{"name":"(anonymous_0)","decl":{"start":{"line":6,"column":17},"end":{"line":6,"column":18}},"loc":{"start":{"line":6,"column":42},"end":{"line":18,"column":1}},"line":6},"1":{"name":"getProductId","decl":{"start":{"line":22,"column":9},"end":{"line":22,"column":21}},"loc":{"start":{"line":22,"column":27},"end":{"line":24,"column":1}},"line":22},"2":{"name":"getMetadata","decl":{"start":{"line":26,"column":9},"end":{"line":26,"column":20}},"loc":{"start":{"line":26,"column":32},"end":{"line":37,"column":1}},"line":26},"3":{"name":"(anonymous_3)","decl":{"start":{"line":31,"column":10},"end":{"line":31,"column":11}},"loc":{"start":{"line":31,"column":17},"end":{"line":36,"column":2}},"line":31},"4":{"name":"getCharacteristics","decl":{"start":{"line":39,"column":9},"end":{"line":39,"column":27}},"loc":{"start":{"line":39,"column":39},"end":{"line":60,"column":1}},"line":39},"5":{"name":"(anonymous_5)","decl":{"start":{"line":54,"column":9},"end":{"line":54,"column":10}},"loc":{"start":{"line":54,"column":16},"end":{"line":59,"column":3}},"line":54},"6":{"name":"constructResponseObject","decl":{"start":{"line":62,"column":9},"end":{"line":62,"column":32}},"loc":{"start":{"line":62,"column":72},"end":{"line":99,"column":1}},"line":62}},"branchMap":{"0":{"loc":{"start":{"line":81,"column":2},"end":{"line":93,"column":3}},"type":"if","locations":[{"start":{"line":81,"column":2},"end":{"line":93,"column":3}},{"start":{"line":81,"column":2},"end":{"line":93,"column":3}}],"line":81}},"s":{"0":5,"1":5,"2":5,"3":5,"4":5,"5":0,"6":0,"7":0,"8":0,"9":0,"10":0,"11":0,"12":0,"13":0,"14":0,"15":0,"16":0,"17":0,"18":0,"19":0,"20":0,"21":0,"22":0,"23":0,"24":0,"25":0,"26":0,"27":0,"28":0},"f":{"0":0,"1":0,"2":0,"3":0,"4":0,"5":0,"6":0},"b":{"0":[0,0]},"_coverageSchema":"43e27e138ebf9cfc5966b082cf9a028302ed4184","hash":"15a698075cd8fa4ef615f94e17ada8c064306c91"}
,"/Users/harryshapiro/hrnyc/reviews/server/controllers/getReviews.js": {"path":"/Users/harryshapiro/hrnyc/reviews/server/controllers/getReviews.js","statementMap":{"0":{"start":{"line":1,"column":36},"end":{"line":1,"column":65}},"1":{"start":{"line":2,"column":16},"end":{"line":2,"column":35}},"2":{"start":{"line":3,"column":21},"end":{"line":3,"column":44}},"3":{"start":{"line":5,"column":0},"end":{"line":66,"column":2}},"4":{"start":{"line":7,"column":21},"end":{"line":7,"column":52}},"5":{"start":{"line":8,"column":15},"end":{"line":8,"column":44}},"6":{"start":{"line":9,"column":16},"end":{"line":9,"column":46}},"7":{"start":{"line":11,"column":4},"end":{"line":13,"column":33}},"8":{"start":{"line":15,"column":2},"end":{"line":17,"column":3}},"9":{"start":{"line":16,"column":4},"end":{"line":16,"column":26}},"10":{"start":{"line":19,"column":2},"end":{"line":32,"column":3}},"11":{"start":{"line":20,"column":18},"end":{"line":25,"column":6}},"12":{"start":{"line":27,"column":4},"end":{"line":30,"column":6}},"13":{"start":{"line":31,"column":4},"end":{"line":31,"column":26}},"14":{"start":{"line":34,"column":2},"end":{"line":50,"column":3}},"15":{"start":{"line":35,"column":17},"end":{"line":43,"column":5}},"16":{"start":{"line":37,"column":8},"end":{"line":41,"column":11}},"17":{"start":{"line":45,"column":4},"end":{"line":48,"column":6}},"18":{"start":{"line":49,"column":4},"end":{"line":49,"column":26}},"19":{"start":{"line":52,"column":27},"end":{"line":52,"column":29}},"20":{"start":{"line":54,"column":2},"end":{"line":57,"column":3}},"21":{"start":{"line":54,"column":15},"end":{"line":54,"column":16}},"22":{"start":{"line":55,"column":4},"end":{"line":55,"column":52}},"23":{"start":{"line":56,"column":4},"end":{"line":56,"column":43}},"24":{"start":{"line":59,"column":25},"end":{"line":64,"column":3}},"25":{"start":{"line":65,"column":2},"end":{"line":65,"column":39}}},"fnMap":{"0":{"name":"(anonymous_0)","decl":{"start":{"line":5,"column":17},"end":{"line":5,"column":18}},"loc":{"start":{"line":5,"column":42},"end":{"line":66,"column":1}},"line":5},"1":{"name":"(anonymous_1)","decl":{"start":{"line":36,"column":23},"end":{"line":36,"column":24}},"loc":{"start":{"line":36,"column":39},"end":{"line":42,"column":7}},"line":36}},"branchMap":{"0":{"loc":{"start":{"line":8,"column":15},"end":{"line":8,"column":44}},"type":"binary-expr","locations":[{"start":{"line":8,"column":15},"end":{"line":8,"column":39}},{"start":{"line":8,"column":43},"end":{"line":8,"column":44}}],"line":8},"1":{"loc":{"start":{"line":9,"column":16},"end":{"line":9,"column":46}},"type":"binary-expr","locations":[{"start":{"line":9,"column":16},"end":{"line":9,"column":41}},{"start":{"line":9,"column":45},"end":{"line":9,"column":46}}],"line":9},"2":{"loc":{"start":{"line":11,"column":4},"end":{"line":13,"column":33}},"type":"cond-expr","locations":[{"start":{"line":12,"column":8},"end":{"line":12,"column":34}},{"start":{"line":13,"column":8},"end":{"line":13,"column":33}}],"line":11},"3":{"loc":{"start":{"line":15,"column":2},"end":{"line":17,"column":3}},"type":"if","locations":[{"start":{"line":15,"column":2},"end":{"line":17,"column":3}},{"start":{"line":15,"column":2},"end":{"line":17,"column":3}}],"line":15}},"s":{"0":5,"1":5,"2":5,"3":5,"4":0,"5":0,"6":0,"7":0,"8":0,"9":0,"10":0,"11":0,"12":0,"13":0,"14":0,"15":0,"16":0,"17":0,"18":0,"19":0,"20":0,"21":0,"22":0,"23":0,"24":0,"25":0},"f":{"0":0,"1":0},"b":{"0":[0,0],"1":[0,0],"2":[0,0],"3":[0,0]},"_coverageSchema":"43e27e138ebf9cfc5966b082cf9a028302ed4184","hash":"58984babeed6082f30c882068ad43d2587513b49"}
,"/Users/harryshapiro/hrnyc/reviews/server/controllers/helpers.js": {"path":"/Users/harryshapiro/hrnyc/reviews/server/controllers/helpers.js","statementMap":{"0":{"start":{"line":1,"column":11},"end":{"line":1,"column":24}},"1":{"start":{"line":3,"column":0},"end":{"line":15,"column":2}},"2":{"start":{"line":5,"column":4},"end":{"line":5,"column":68}},"3":{"start":{"line":8,"column":4},"end":{"line":8,"column":45}},"4":{"start":{"line":9,"column":24},"end":{"line":12,"column":6}},"5":{"start":{"line":13,"column":4},"end":{"line":13,"column":74}}},"fnMap":{"0":{"name":"(anonymous_0)","decl":{"start":{"line":4,"column":10},"end":{"line":4,"column":11}},"loc":{"start":{"line":4,"column":54},"end":{"line":6,"column":3}},"line":4},"1":{"name":"(anonymous_1)","decl":{"start":{"line":7,"column":12},"end":{"line":7,"column":13}},"loc":{"start":{"line":7,"column":40},"end":{"line":14,"column":3}},"line":7}},"branchMap":{},"s":{"0":5,"1":5,"2":0,"3":0,"4":0,"5":0},"f":{"0":0,"1":0},"b":{},"_coverageSchema":"43e27e138ebf9cfc5966b082cf9a028302ed4184","hash":"d012e06efd52f560b8c8701a47db57ec5826bb2a"}
,"/Users/harryshapiro/hrnyc/reviews/server/controllers/markReviewAsHelpful.js": {"path":"/Users/harryshapiro/hrnyc/reviews/server/controllers/markReviewAsHelpful.js","statementMap":{"0":{"start":{"line":1,"column":20},"end":{"line":1,"column":46}},"1":{"start":{"line":2,"column":21},"end":{"line":2,"column":41}},"2":{"start":{"line":4,"column":0},"end":{"line":23,"column":2}},"3":{"start":{"line":5,"column":19},"end":{"line":5,"column":39}},"4":{"start":{"line":6,"column":1},"end":{"line":8,"column":2}},"5":{"start":{"line":7,"column":2},"end":{"line":7,"column":23}},"6":{"start":{"line":9,"column":1},"end":{"line":22,"column":2}},"7":{"start":{"line":10,"column":2},"end":{"line":14,"column":5}},"8":{"start":{"line":15,"column":2},"end":{"line":15,"column":24}},"9":{"start":{"line":17,"column":2},"end":{"line":20,"column":4}},"10":{"start":{"line":21,"column":2},"end":{"line":21,"column":24}}},"fnMap":{"0":{"name":"(anonymous_0)","decl":{"start":{"line":4,"column":17},"end":{"line":4,"column":18}},"loc":{"start":{"line":4,"column":42},"end":{"line":23,"column":1}},"line":4}},"branchMap":{"0":{"loc":{"start":{"line":6,"column":1},"end":{"line":8,"column":2}},"type":"if","locations":[{"start":{"line":6,"column":1},"end":{"line":8,"column":2}},{"start":{"line":6,"column":1},"end":{"line":8,"column":2}}],"line":6}},"s":{"0":5,"1":5,"2":5,"3":0,"4":0,"5":0,"6":0,"7":0,"8":0,"9":0,"10":0},"f":{"0":0},"b":{"0":[0,0]},"_coverageSchema":"43e27e138ebf9cfc5966b082cf9a028302ed4184","hash":"e43a347abc2546fa3850d9602f107d6e7f1dd097"}
,"/Users/harryshapiro/hrnyc/reviews/server/controllers/postNewReview.js": {"path":"/Users/harryshapiro/hrnyc/reviews/server/controllers/postNewReview.js","statementMap":{"0":{"start":{"line":1,"column":16},"end":{"line":1,"column":35}},"1":{"start":{"line":3,"column":29},"end":{"line":3,"column":52}},"2":{"start":{"line":10,"column":4},"end":{"line":10,"column":33}},"3":{"start":{"line":12,"column":0},"end":{"line":125,"column":2}},"4":{"start":{"line":13,"column":21},"end":{"line":13,"column":42}},"5":{"start":{"line":24,"column":6},"end":{"line":24,"column":14}},"6":{"start":{"line":25,"column":2},"end":{"line":25,"column":62}},"7":{"start":{"line":25,"column":34},"end":{"line":25,"column":62}},"8":{"start":{"line":26,"column":2},"end":{"line":27,"column":50}},"9":{"start":{"line":27,"column":4},"end":{"line":27,"column":50}},"10":{"start":{"line":30,"column":23},"end":{"line":71,"column":6}},"11":{"start":{"line":36,"column":6},"end":{"line":39,"column":8}},"12":{"start":{"line":40,"column":6},"end":{"line":40,"column":28}},"13":{"start":{"line":43,"column":6},"end":{"line":63,"column":8}},"14":{"start":{"line":66,"column":6},"end":{"line":69,"column":8}},"15":{"start":{"line":70,"column":6},"end":{"line":70,"column":28}},"16":{"start":{"line":73,"column":23},"end":{"line":85,"column":11}},"17":{"start":{"line":87,"column":19},"end":{"line":87,"column":34}},"18":{"start":{"line":89,"column":21},"end":{"line":89,"column":52}},"19":{"start":{"line":91,"column":31},"end":{"line":105,"column":3}},"20":{"start":{"line":93,"column":6},"end":{"line":103,"column":11}},"21":{"start":{"line":99,"column":10},"end":{"line":102,"column":12}},"22":{"start":{"line":107,"column":22},"end":{"line":121,"column":3}},"23":{"start":{"line":109,"column":6},"end":{"line":119,"column":11}},"24":{"start":{"line":115,"column":10},"end":{"line":118,"column":12}},"25":{"start":{"line":123,"column":2},"end":{"line":123,"column":71}},"26":{"start":{"line":124,"column":2},"end":{"line":124,"column":25}}},"fnMap":{"0":{"name":"(anonymous_0)","decl":{"start":{"line":12,"column":17},"end":{"line":12,"column":18}},"loc":{"start":{"line":12,"column":42},"end":{"line":125,"column":1}},"line":12},"1":{"name":"(anonymous_1)","decl":{"start":{"line":35,"column":11},"end":{"line":35,"column":12}},"loc":{"start":{"line":35,"column":18},"end":{"line":41,"column":5}},"line":35},"2":{"name":"(anonymous_2)","decl":{"start":{"line":42,"column":10},"end":{"line":42,"column":11}},"loc":{"start":{"line":42,"column":25},"end":{"line":64,"column":5}},"line":42},"3":{"name":"(anonymous_3)","decl":{"start":{"line":65,"column":11},"end":{"line":65,"column":12}},"loc":{"start":{"line":65,"column":18},"end":{"line":71,"column":5}},"line":65},"4":{"name":"(anonymous_4)","decl":{"start":{"line":92,"column":19},"end":{"line":92,"column":20}},"loc":{"start":{"line":92,"column":32},"end":{"line":104,"column":5}},"line":92},"5":{"name":"(anonymous_5)","decl":{"start":{"line":98,"column":15},"end":{"line":98,"column":16}},"loc":{"start":{"line":98,"column":22},"end":{"line":103,"column":9}},"line":98},"6":{"name":"(anonymous_6)","decl":{"start":{"line":108,"column":15},"end":{"line":108,"column":16}},"loc":{"start":{"line":108,"column":27},"end":{"line":120,"column":5}},"line":108},"7":{"name":"(anonymous_7)","decl":{"start":{"line":114,"column":15},"end":{"line":114,"column":16}},"loc":{"start":{"line":114,"column":22},"end":{"line":119,"column":9}},"line":114}},"branchMap":{"0":{"loc":{"start":{"line":25,"column":2},"end":{"line":25,"column":62}},"type":"if","locations":[{"start":{"line":25,"column":2},"end":{"line":25,"column":62}},{"start":{"line":25,"column":2},"end":{"line":25,"column":62}}],"line":25},"1":{"loc":{"start":{"line":26,"column":2},"end":{"line":27,"column":50}},"type":"if","locations":[{"start":{"line":26,"column":2},"end":{"line":27,"column":50}},{"start":{"line":26,"column":2},"end":{"line":27,"column":50}}],"line":26},"2":{"loc":{"start":{"line":48,"column":12},"end":{"line":48,"column":76}},"type":"cond-expr","locations":[{"start":{"line":48,"column":27},"end":{"line":48,"column":52}},{"start":{"line":48,"column":55},"end":{"line":48,"column":76}}],"line":48},"3":{"loc":{"start":{"line":50,"column":12},"end":{"line":50,"column":76}},"type":"cond-expr","locations":[{"start":{"line":50,"column":27},"end":{"line":50,"column":52}},{"start":{"line":50,"column":55},"end":{"line":50,"column":76}}],"line":50},"4":{"loc":{"start":{"line":52,"column":12},"end":{"line":52,"column":77}},"type":"cond-expr","locations":[{"start":{"line":52,"column":27},"end":{"line":52,"column":52}},{"start":{"line":52,"column":55},"end":{"line":52,"column":77}}],"line":52},"5":{"loc":{"start":{"line":54,"column":12},"end":{"line":54,"column":75}},"type":"cond-expr","locations":[{"start":{"line":54,"column":27},"end":{"line":54,"column":52}},{"start":{"line":54,"column":55},"end":{"line":54,"column":75}}],"line":54},"6":{"loc":{"start":{"line":56,"column":12},"end":{"line":56,"column":75}},"type":"cond-expr","locations":[{"start":{"line":56,"column":27},"end":{"line":56,"column":52}},{"start":{"line":56,"column":55},"end":{"line":56,"column":75}}],"line":56},"7":{"loc":{"start":{"line":79,"column":15},"end":{"line":79,"column":32}},"type":"cond-expr","locations":[{"start":{"line":79,"column":27},"end":{"line":79,"column":28}},{"start":{"line":79,"column":31},"end":{"line":79,"column":32}}],"line":79}},"s":{"0":5,"1":5,"2":5,"3":5,"4":0,"5":0,"6":0,"7":0,"8":0,"9":0,"10":0,"11":0,"12":0,"13":0,"14":0,"15":0,"16":0,"17":0,"18":0,"19":0,"20":0,"21":0,"22":0,"23":0,"24":0,"25":0,"26":0},"f":{"0":0,"1":0,"2":0,"3":0,"4":0,"5":0,"6":0,"7":0},"b":{"0":[0,0],"1":[0,0],"2":[0,0],"3":[0,0],"4":[0,0],"5":[0,0],"6":[0,0],"7":[0,0]},"_coverageSchema":"43e27e138ebf9cfc5966b082cf9a028302ed4184","hash":"6bf3ceca97df0ac6b059f0dbcb411129e257329a"}
,"/Users/harryshapiro/hrnyc/reviews/server/controllers/reportReview.js": {"path":"/Users/harryshapiro/hrnyc/reviews/server/controllers/reportReview.js","statementMap":{"0":{"start":{"line":1,"column":20},"end":{"line":1,"column":46}},"1":{"start":{"line":2,"column":21},"end":{"line":2,"column":41}},"2":{"start":{"line":4,"column":0},"end":{"line":28,"column":2}},"3":{"start":{"line":5,"column":20},"end":{"line":5,"column":40}},"4":{"start":{"line":6,"column":2},"end":{"line":8,"column":3}},"5":{"start":{"line":7,"column":4},"end":{"line":7,"column":26}},"6":{"start":{"line":9,"column":2},"end":{"line":27,"column":3}},"7":{"start":{"line":10,"column":4},"end":{"line":19,"column":6}},"8":{"start":{"line":20,"column":4},"end":{"line":20,"column":26}},"9":{"start":{"line":22,"column":4},"end":{"line":25,"column":6}},"10":{"start":{"line":26,"column":4},"end":{"line":26,"column":26}}},"fnMap":{"0":{"name":"(anonymous_0)","decl":{"start":{"line":4,"column":17},"end":{"line":4,"column":18}},"loc":{"start":{"line":4,"column":42},"end":{"line":28,"column":1}},"line":4}},"branchMap":{"0":{"loc":{"start":{"line":6,"column":2},"end":{"line":8,"column":3}},"type":"if","locations":[{"start":{"line":6,"column":2},"end":{"line":8,"column":3}},{"start":{"line":6,"column":2},"end":{"line":8,"column":3}}],"line":6}},"s":{"0":5,"1":5,"2":5,"3":0,"4":0,"5":0,"6":0,"7":0,"8":0,"9":0,"10":0},"f":{"0":0},"b":{"0":[0,0]},"_coverageSchema":"43e27e138ebf9cfc5966b082cf9a028302ed4184","hash":"ab8c0d55837044d6975fdbe4144861d3217c77f8"}
,"/Users/harryshapiro/hrnyc/reviews/tests/helpers.js": {"path":"/Users/harryshapiro/hrnyc/reviews/tests/helpers.js","statementMap":{"0":{"start":{"line":1,"column":16},"end":{"line":1,"column":36}},"1":{"start":{"line":2,"column":12},"end":{"line":2,"column":39}},"2":{"start":{"line":3,"column":33},"end":{"line":3,"column":59}},"3":{"start":{"line":5,"column":0},"end":{"line":34,"column":2}},"4":{"start":{"line":9,"column":2},"end":{"line":19,"column":3}},"5":{"start":{"line":9,"column":15},"end":{"line":9,"column":16}},"6":{"start":{"line":10,"column":3},"end":{"line":18,"column":4}},"7":{"start":{"line":11,"column":4},"end":{"line":13,"column":5}},"8":{"start":{"line":12,"column":5},"end":{"line":12,"column":18}},"9":{"start":{"line":15,"column":4},"end":{"line":17,"column":5}},"10":{"start":{"line":16,"column":5},"end":{"line":16,"column":18}},"11":{"start":{"line":20,"column":2},"end":{"line":20,"column":14}},"12":{"start":{"line":23,"column":2},"end":{"line":32,"column":5}}},"fnMap":{"0":{"name":"(anonymous_0)","decl":{"start":{"line":8,"column":12},"end":{"line":8,"column":13}},"loc":{"start":{"line":8,"column":37},"end":{"line":21,"column":2}},"line":8},"1":{"name":"(anonymous_1)","decl":{"start":{"line":22,"column":25},"end":{"line":22,"column":26}},"loc":{"start":{"line":22,"column":47},"end":{"line":33,"column":2}},"line":22}},"branchMap":{"0":{"loc":{"start":{"line":10,"column":3},"end":{"line":18,"column":4}},"type":"if","locations":[{"start":{"line":10,"column":3},"end":{"line":18,"column":4}},{"start":{"line":10,"column":3},"end":{"line":18,"column":4}}],"line":10},"1":{"loc":{"start":{"line":11,"column":4},"end":{"line":13,"column":5}},"type":"if","locations":[{"start":{"line":11,"column":4},"end":{"line":13,"column":5}},{"start":{"line":11,"column":4},"end":{"line":13,"column":5}}],"line":11},"2":{"loc":{"start":{"line":15,"column":4},"end":{"line":17,"column":5}},"type":"if","locations":[{"start":{"line":15,"column":4},"end":{"line":17,"column":5}},{"start":{"line":15,"column":4},"end":{"line":17,"column":5}}],"line":15}},"s":{"0":5,"1":5,"2":5,"3":5,"4":2,"5":2,"6":30,"7":28,"8":0,"9":2,"10":0,"11":2,"12":0},"f":{"0":2,"1":0},"b":{"0":[28,2],"1":[0,28],"2":[0,2]},"_coverageSchema":"43e27e138ebf9cfc5966b082cf9a028302ed4184","hash":"4fad7d32fc2986e19a0710746b11893d9eecf26e"}
}
