TN:
SF:/Users/harryshapiro/hrnyc/reviews/config.js
FNF:0
FNH:0
DA:1,5
LF:1
LH:1
BRF:0
BRH:0
end_of_record
TN:
SF:/Users/harryshapiro/hrnyc/reviews/constants.js
FNF:0
FNH:0
DA:1,5
LF:1
LH:1
BRF:0
BRH:0
end_of_record
TN:
SF:/Users/harryshapiro/hrnyc/reviews/server/app.js
FNF:0
FNH:0
DA:1,5
DA:2,5
DA:3,5
DA:5,5
DA:7,5
DA:8,5
DA:10,5
DA:12,5
LF:8
LH:8
BRF:0
BRH:0
end_of_record
TN:
SF:/Users/harryshapiro/hrnyc/reviews/server/dbConnection.js
FNF:0
FNH:0
DA:1,5
DA:2,5
DA:3,5
DA:5,5
DA:11,5
DA:13,5
LF:6
LH:6
BRF:0
BRH:0
end_of_record
TN:
SF:/Users/harryshapiro/hrnyc/reviews/server/routes.js
FN:5,(anonymous_0)
FNF:1
FNH:1
FNDA:25,(anonymous_0)
DA:1,5
DA:2,5
DA:3,5
DA:5,5
DA:6,25
DA:9,5
DA:11,5
DA:13,5
DA:15,5
DA:17,5
DA:19,5
LF:11
LH:11
BRF:0
BRH:0
end_of_record
TN:
SF:/Users/harryshapiro/hrnyc/reviews/server/schema.js
FN:3,(anonymous_0)
FNF:1
FNH:1
FNDA:5,(anonymous_0)
DA:1,5
DA:3,5
DA:4,5
DA:7,5
DA:57,5
DA:112,5
DA:135,5
DA:159,5
DA:182,5
DA:183,5
DA:184,5
DA:185,5
DA:186,5
DA:188,5
DA:190,5
DA:199,5
LF:16
LH:16
BRDA:3,0,0,0
BRDA:188,1,0,0
BRDA:188,1,1,5
BRF:3
BRH:1
end_of_record
TN:
SF:/Users/harryshapiro/hrnyc/reviews/server/controllers/getProductMetaData.js
FN:6,(anonymous_0)
FN:22,getProductId
FN:26,getMetadata
FN:31,(anonymous_3)
FN:39,getCharacteristics
FN:54,(anonymous_5)
FN:62,constructResponseObject
FNF:7
FNH:0
FNDA:0,(anonymous_0)
FNDA:0,getProductId
FNDA:0,getMetadata
FNDA:0,(anonymous_3)
FNDA:0,getCharacteristics
FNDA:0,(anonymous_5)
FNDA:0,constructResponseObject
DA:1,5
DA:2,5
DA:3,5
DA:4,5
DA:6,5
DA:7,0
DA:8,0
DA:12,0
DA:17,0
DA:23,0
DA:27,0
DA:32,0
DA:40,0
DA:55,0
DA:63,0
DA:78,0
DA:80,0
DA:81,0
DA:82,0
DA:84,0
DA:86,0
DA:88,0
DA:90,0
DA:91,0
DA:92,0
DA:95,0
DA:96,0
DA:98,0
LF:28
LH:5
BRDA:81,0,0,0
BRDA:81,0,1,0
BRF:2
BRH:0
end_of_record
TN:
SF:/Users/harryshapiro/hrnyc/reviews/server/controllers/getReviews.js
FN:5,(anonymous_0)
FN:36,(anonymous_1)
FNF:2
FNH:0
FNDA:0,(anonymous_0)
FNDA:0,(anonymous_1)
DA:1,5
DA:2,5
DA:3,5
DA:5,5
DA:7,0
DA:8,0
DA:9,0
DA:11,0
DA:15,0
DA:16,0
DA:19,0
DA:20,0
DA:27,0
DA:31,0
DA:34,0
DA:35,0
DA:37,0
DA:45,0
DA:49,0
DA:52,0
DA:54,0
DA:55,0
DA:56,0
DA:59,0
DA:65,0
LF:25
LH:4
BRDA:8,0,0,0
BRDA:8,0,1,0
BRDA:9,1,0,0
BRDA:9,1,1,0
BRDA:11,2,0,0
BRDA:11,2,1,0
BRDA:15,3,0,0
BRDA:15,3,1,0
BRF:8
BRH:0
end_of_record
TN:
SF:/Users/harryshapiro/hrnyc/reviews/server/controllers/helpers.js
FN:4,(anonymous_0)
FN:7,(anonymous_1)
FNF:2
FNH:0
FNDA:0,(anonymous_0)
FNDA:0,(anonymous_1)
DA:1,5
DA:3,5
DA:5,0
DA:8,0
DA:9,0
DA:13,0
LF:6
LH:2
BRF:0
BRH:0
end_of_record
TN:
SF:/Users/harryshapiro/hrnyc/reviews/server/controllers/markReviewAsHelpful.js
FN:4,(anonymous_0)
FNF:1
FNH:0
FNDA:0,(anonymous_0)
DA:1,5
DA:2,5
DA:4,5
DA:5,0
DA:6,0
DA:7,0
DA:9,0
DA:10,0
DA:15,0
DA:17,0
DA:21,0
LF:11
LH:3
BRDA:6,0,0,0
BRDA:6,0,1,0
BRF:2
BRH:0
end_of_record
TN:
SF:/Users/harryshapiro/hrnyc/reviews/server/controllers/postNewReview.js
FN:12,(anonymous_0)
FN:35,(anonymous_1)
FN:42,(anonymous_2)
FN:65,(anonymous_3)
FN:92,(anonymous_4)
FN:98,(anonymous_5)
FN:108,(anonymous_6)
FN:114,(anonymous_7)
FNF:8
FNH:0
FNDA:0,(anonymous_0)
FNDA:0,(anonymous_1)
FNDA:0,(anonymous_2)
FNDA:0,(anonymous_3)
FNDA:0,(anonymous_4)
FNDA:0,(anonymous_5)
FNDA:0,(anonymous_6)
FNDA:0,(anonymous_7)
DA:1,5
DA:3,5
DA:10,5
DA:12,5
DA:13,0
DA:24,0
DA:25,0
DA:26,0
DA:27,0
DA:30,0
DA:36,0
DA:40,0
DA:43,0
DA:66,0
DA:70,0
DA:73,0
DA:87,0
DA:89,0
DA:91,0
DA:93,0
DA:99,0
DA:107,0
DA:109,0
DA:115,0
DA:123,0
DA:124,0
LF:26
LH:4
BRDA:25,0,0,0
BRDA:25,0,1,0
BRDA:26,1,0,0
BRDA:26,1,1,0
BRDA:48,2,0,0
BRDA:48,2,1,0
BRDA:50,3,0,0
BRDA:50,3,1,0
BRDA:52,4,0,0
BRDA:52,4,1,0
BRDA:54,5,0,0
BRDA:54,5,1,0
BRDA:56,6,0,0
BRDA:56,6,1,0
BRDA:79,7,0,0
BRDA:79,7,1,0
BRF:16
BRH:0
end_of_record
TN:
SF:/Users/harryshapiro/hrnyc/reviews/server/controllers/reportReview.js
FN:4,(anonymous_0)
FNF:1
FNH:0
FNDA:0,(anonymous_0)
DA:1,5
DA:2,5
DA:4,5
DA:5,0
DA:6,0
DA:7,0
DA:9,0
DA:10,0
DA:20,0
DA:22,0
DA:26,0
LF:11
LH:3
BRDA:6,0,0,0
BRDA:6,0,1,0
BRF:2
BRH:0
end_of_record
TN:
SF:/Users/harryshapiro/hrnyc/reviews/tests/helpers.js
FN:8,(anonymous_0)
FN:22,(anonymous_1)
FNF:2
FNH:1
FNDA:2,(anonymous_0)
FNDA:0,(anonymous_1)
DA:1,5
DA:2,5
DA:3,5
DA:5,5
DA:9,2
DA:10,30
DA:11,28
DA:12,0
DA:15,2
DA:16,0
DA:20,2
DA:23,0
LF:12
LH:9
BRDA:10,0,0,28
BRDA:10,0,1,2
BRDA:11,1,0,0
BRDA:11,1,1,28
BRDA:15,2,0,0
BRDA:15,2,1,2
BRF:6
BRH:4
end_of_record
